Clean Summary Logs
==================

[2026-06-14 20:17:37] Running validate_specs.sh
[2026-06-14 20:17:37] Input validation passed
[2026-06-14 20:20:16] Running stage: planner
[2026-06-14 20:23:39] planner: 72,780
[2026-06-14 20:23:39] Finished stage: planner
[2026-06-14 20:44:00] Running stage: planner
[2026-06-14 20:49:29] planner: 87,329
[2026-06-14 20:49:29] Finished stage: planner
[2026-06-14 20:49:29] Running stage: tester
[2026-06-14 20:54:07] tester: 113,693
[2026-06-14 20:54:07] Finished stage: tester
[2026-06-14 20:54:07] Running stage: planner
[2026-06-14 20:58:40] planner: 101,070
[2026-06-14 20:58:40] Finished stage: planner
[2026-06-14 20:58:40] Running stage: tester
[2026-06-14 21:03:29] tester: 78,092
[2026-06-14 21:03:29] Finished stage: tester
[2026-06-14 21:03:29] Running stage: planner
[2026-06-14 21:06:41] planner: 58,469
[2026-06-14 21:06:41] Finished stage: planner
[2026-06-14 21:06:41] Running stage: tester
[2026-06-14 21:10:52] tester: 95,957
[2026-06-14 21:10:52] Finished stage: tester
[2026-06-14 21:14:14] Running stage: interactive pass
[2026-06-14 21:17:07] interactive pass: 77,249
[2026-06-14 21:17:07] Finished stage: interactive pass
[2026-06-14 21:18:20] Running stage: simulator
[2026-06-14 21:23:01] simulator: 79,527
[2026-06-14 21:23:01] Finished stage: simulator
[2026-06-14 21:26:34] Running stage: simulator_human_gate
[2026-06-14 21:34:18] simulator_human_gate: 98,013
[2026-06-14 21:34:18] Finished stage: simulator_human_gate
[2026-06-14 21:43:22] Running stage: interactive pass
[2026-06-14 21:44:13] interactive pass: 10,236
[2026-06-14 21:44:13] Finished stage: interactive pass
[2026-06-14 21:57:44] Running stage: interactive pass
[2026-06-14 21:59:34] interactive pass: 25,544
[2026-06-14 21:59:34] Finished stage: interactive pass
[2026-06-14 22:00:42] Running stage: coder
[2026-06-14 22:02:10] coder: 34,018
[2026-06-14 22:02:10] Finished stage: coder
[2026-06-14 22:07:14] Running stage: interactive pass
[2026-06-14 22:08:27] interactive pass: 21,459
[2026-06-14 22:08:28] Finished stage: interactive pass
[2026-06-14 22:10:19] Running stage: coder
[2026-06-14 22:17:44] coder: 113,706
[2026-06-14 22:17:44] Finished stage: coder
[2026-06-14 22:18:15] Running stage: tester
[2026-06-14 22:25:28] tester: 100,299
[2026-06-14 22:25:28] Finished stage: tester
[2026-06-14 22:26:52] Running stage: generate test traces
[2026-06-14 22:29:52] generate test traces: 74,009
[2026-06-14 22:29:52] Finished stage: generate test traces
[2026-06-15 02:16:32] Running stage: trace validation
[2026-06-15 02:18:52] trace validation: 62,039
[2026-06-15 02:18:52] Finished stage: trace validation

Token Counts
============
trace validation : 62039
generate test traces : 74009
consensus : 0
interactive pass : 134488
coder : 147724
simulator : 79527
tester : 388041
planner_verifier : 0
planner : 319648
