[2026-06-14 20:15:58] Running validate_specs.sh
[2026-06-14 20:17:37] Running validate_specs.sh
[2026-06-14 20:17:37] Input validation passed
[2026-06-14 20:18:09] Running validate_specs.sh
[2026-06-14 20:18:09] Input validation passed
[2026-06-14 20:18:09] Running stage: planner
[2026-06-14 20:20:16] Running validate_specs.sh
[2026-06-14 20:20:16] Input validation passed
[2026-06-14 20:20:16] Running stage: planner
[2026-06-14 20:23:39] planner: 72,780
[2026-06-14 20:23:39] Finished stage: planner
[2026-06-14 20:23:39] Planner has been completed.
[2026-06-14 20:23:39] ERROR: Missing required artifact: ./artifacts/plan/game_flow.md
[2026-06-14 20:44:00] Running validate_specs.sh
[2026-06-14 20:44:00] Input validation passed
[2026-06-14 20:44:00] Running stage: planner
[2026-06-14 20:49:29] planner: 87,329
[2026-06-14 20:49:29] Finished stage: planner
[2026-06-14 20:49:29] Planner has been completed.
[2026-06-14 20:49:29] Running stage: tester
[2026-06-14 20:54:07] tester: 113,693
[2026-06-14 20:54:07] Finished stage: tester
[2026-06-14 20:54:07] Running stage: planner
[2026-06-14 20:58:40] planner: 101,070
[2026-06-14 20:58:40] Finished stage: planner
[2026-06-14 20:58:40] Planner has been completed.
[2026-06-14 20:58:40] Running stage: tester
[2026-06-14 21:03:29] tester: 78,092
[2026-06-14 21:03:29] Finished stage: tester
[2026-06-14 21:03:29] Running stage: planner
[2026-06-14 21:06:41] planner: 58,469
[2026-06-14 21:06:41] Finished stage: planner
[2026-06-14 21:06:41] Planner has been completed.
[2026-06-14 21:06:41] Running stage: tester
[2026-06-14 21:10:52] tester: 95,957
[2026-06-14 21:10:52] Finished stage: tester
[2026-06-14 21:14:14] Running validate_specs.sh
[2026-06-14 21:14:14] Input validation passed
[2026-06-14 21:14:14] Running stage: interactive pass
[2026-06-14 21:17:07] interactive pass: 77,249
[2026-06-14 21:17:07] Finished stage: interactive pass
[2026-06-14 21:18:20] Running validate_specs.sh
[2026-06-14 21:18:20] Input validation passed
[2026-06-14 21:18:20] Running stage: simulator
[2026-06-14 21:23:01] simulator: 79,527
[2026-06-14 21:23:01] Finished stage: simulator
[2026-06-14 21:23:01] Simulator has been completed.
[2026-06-14 21:26:34] Running stage: simulator_human_gate
[2026-06-14 21:34:18] simulator_human_gate: 98,013
[2026-06-14 21:34:18] Finished stage: simulator_human_gate
[2026-06-14 21:34:18] Simulator-Human Gate has been completed.
[2026-06-14 21:43:14] Running validate_specs.sh
[2026-06-14 21:43:14] Input validation passed
[2026-06-14 21:43:14] Running stage: interactive pass
[2026-06-14 21:43:22] Running validate_specs.sh
[2026-06-14 21:43:22] Input validation passed
[2026-06-14 21:43:22] Running stage: interactive pass
[2026-06-14 21:44:13] interactive pass: 10,236
[2026-06-14 21:44:13] Finished stage: interactive pass
[2026-06-14 21:49:17] Running validate_specs.sh
[2026-06-14 21:49:17] Input validation passed
[2026-06-14 21:49:17] All blockers are removed.
[2026-06-14 21:50:28] Running validate_specs.sh
[2026-06-14 21:50:28] Input validation passed
[2026-06-14 21:50:28] All blockers are removed.
[2026-06-14 21:52:02] Running validate_specs.sh
[2026-06-14 21:52:02] Input validation passed
[2026-06-14 21:52:02] All blockers are removed.
[2026-06-14 21:57:44] Running validate_specs.sh
[2026-06-14 21:57:44] Input validation passed
[2026-06-14 21:57:44] Running stage: interactive pass
[2026-06-14 21:59:34] interactive pass: 25,544
[2026-06-14 21:59:34] Finished stage: interactive pass
[2026-06-14 21:59:34] Review Pass is Completed.
[2026-06-14 22:00:42] Running validate_specs.sh
[2026-06-14 22:00:42] Input validation passed
[2026-06-14 22:00:42] Running stage: coder
[2026-06-14 22:02:10] coder: 34,018
[2026-06-14 22:02:10] Finished stage: coder
[2026-06-14 22:02:10] Coder has been completed.
[2026-06-14 22:05:19] Running validate_specs.sh
[2026-06-14 22:05:19] Input validation passed
[2026-06-14 22:05:19] Running stage: interactive pass
[2026-06-14 22:07:14] Running validate_specs.sh
[2026-06-14 22:07:14] Input validation passed
[2026-06-14 22:07:14] Running stage: interactive pass
[2026-06-14 22:08:27] interactive pass: 21,459
[2026-06-14 22:08:28] Finished stage: interactive pass
[2026-06-14 22:10:19] Running validate_specs.sh
[2026-06-14 22:10:19] Input validation passed
[2026-06-14 22:10:19] Running stage: coder
[2026-06-14 22:17:44] coder: 113,706
[2026-06-14 22:17:44] Finished stage: coder
[2026-06-14 22:17:44] Coder has been completed.
[2026-06-14 22:18:03] Running validate_specs.sh
[2026-06-14 22:18:03] Input validation passed
[2026-06-14 22:18:15] Running validate_specs.sh
[2026-06-14 22:18:15] Input validation passed
[2026-06-14 22:18:15] Running stage: tester
[2026-06-14 22:25:28] tester: 100,299
[2026-06-14 22:25:28] Finished stage: tester
[2026-06-14 22:25:28] Tester has been completed.
[2026-06-14 22:25:28] Consensus loop passed.
[2026-06-14 22:25:28] No of attempts in Consensus Loop = 1
[2026-06-14 22:26:52] Running validate_specs.sh
[2026-06-14 22:26:52] Input validation passed
[2026-06-14 22:26:52] Running stage: generate test traces
[2026-06-14 22:29:52] generate test traces: 74,009
[2026-06-14 22:29:52] Finished stage: generate test traces
[2026-06-15 02:16:32] Running validate_specs.sh
[2026-06-15 02:16:32] Input validation passed
[2026-06-15 02:16:32] Running stage: trace validation
[2026-06-15 02:18:52] trace validation: 62,039
[2026-06-15 02:18:52] Finished stage: trace validation
